  Source.cpp
C:\Users\User\Desktop\С++\Project2\Project2\Source.cpp(1,10): warning C4067: непредвиденные лексемы за директивой препроцессора, требуется newline
C:\Users\User\Desktop\С++\Project2\Project2\Source.cpp(17,26): warning C4244: инициализация: преобразование "double" в "__int64", возможна потеря данных
C:\Users\User\Desktop\С++\Project2\Project2\Source.cpp(17,21): warning C4244: инициализация: преобразование "double" в "const __int64", возможна потеря данных
C:\Users\User\Desktop\С++\Project2\Project2\Source.cpp(18,67): warning C4244: аргумент: преобразование "double" в "const unsigned int", возможна потеря данных
C:\Users\User\Desktop\С++\Project2\Project2\Source.cpp(18,42): warning C4244: аргумент: преобразование "const __int64" в "const unsigned int", возможна потеря данных
C:\Users\User\Desktop\С++\Project2\Project2\Source.cpp(23,9): warning C4244: =: преобразование "double" в "__int64", возможна потеря данных
C:\Users\User\Desktop\С++\Project2\Project2\Source.cpp(24,9): warning C4244: =: преобразование "double" в "__int64", возможна потеря данных
C:\Users\User\Desktop\С++\Project2\Project2\Source.cpp(25,9): warning C4244: =: преобразование "double" в "__int64", возможна потеря данных
C:\Users\User\Desktop\С++\Project2\Project2\Source.cpp(26,9): warning C4244: =: преобразование "double" в "__int64", возможна потеря данных
C:\Users\User\Desktop\С++\Project2\Project2\Source.cpp(27,9): warning C4244: =: преобразование "double" в "__int64", возможна потеря данных
C:\Users\User\Desktop\С++\Project2\Project2\Source.cpp(28,9): warning C4244: =: преобразование "double" в "__int64", возможна потеря данных
C:\Users\User\Desktop\С++\Project2\Project2\Source.cpp(30,10): warning C4244: =: преобразование "double" в "int", возможна потеря данных
C:\Users\User\Desktop\С++\Project2\Project2\Source.cpp(31,6): warning C4244: =: преобразование "double" в "int", возможна потеря данных
C:\Users\User\Desktop\С++\Project2\Project2\Source.cpp(39,35): warning C4244: =: преобразование "double" в "__int64", возможна потеря данных
C:\Users\User\Desktop\С++\Project2\Project2\Source.cpp(41,9): warning C4244: аргумент: преобразование "__int64" в "const unsigned int", возможна потеря данных
C:\Users\User\Desktop\С++\Project2\Project2\Source.cpp(41,20): warning C4244: =: преобразование "__int64" в "_Ty", возможна потеря данных
          with
          [
              _Ty=double
          ]
C:\Users\User\Desktop\С++\Project2\Project2\Source.cpp(48,11): warning C4244: =: преобразование "double" в "int", возможна потеря данных
C:\Users\User\Desktop\С++\Project2\Project2\Source.cpp(53,15): warning C4244: инициализация: преобразование "double" в "int", возможна потеря данных
C:\Users\User\Desktop\С++\Project2\Project2\Source.cpp(54,11): warning C4244: аргумент: преобразование "__int64" в "const unsigned int", возможна потеря данных
C:\Users\User\Desktop\С++\Project2\Project2\Source.cpp(54,22): warning C4244: аргумент: преобразование "__int64" в "const unsigned int", возможна потеря данных
C:\Users\User\Desktop\С++\Project2\Project2\Source.cpp(56,12): warning C4244: аргумент: преобразование "__int64" в "const unsigned int", возможна потеря данных
C:\Users\User\Desktop\С++\Project2\Project2\Source.cpp(59,14): warning C4244: аргумент: преобразование "__int64" в "const unsigned int", возможна потеря данных
C:\Users\User\Desktop\С++\Project2\Project2\Source.cpp(7,12): warning C4101: mmmm: неиспользованная локальная переменная
  Project2.vcxproj -> C:\Users\User\Desktop\С++\Project2\Debug\Project2.exe
